Starting Producer-Consumer Simulation...
Configuration: Producers=5, Consumers=2, Msgs/Producer=10, QueueCapacity=5
pool-2-thread-1 produced: Msg-18-1
pool-2-thread-4 produced: Msg-21-1
pool-2-thread-2 produced: Msg-19-1
pool-2-thread-3 produced: Msg-20-1
pool-2-thread-5 produced: Msg-22-1
pool-2-thread-7 consumed: Msg-18-1
pool-2-thread-6 consumed: Msg-21-1
pool-2-thread-5 produced: Msg-22-2
pool-2-thread-1 produced: Msg-18-2
pool-2-thread-4 waiting to produce (Queue Full)
pool-2-thread-2 waiting to produce (Queue Full)
pool-2-thread-7 consumed: Msg-19-1
pool-2-thread-4 produced: Msg-21-2
pool-2-thread-2 waiting to produce (Queue Full)
pool-2-thread-3 waiting to produce (Queue Full)
pool-2-thread-1 waiting to produce (Queue Full)
pool-2-thread-5 waiting to produce (Queue Full)
pool-2-thread-7 consumed: Msg-20-1
pool-2-thread-2 produced: Msg-19-2
pool-2-thread-5 waiting to produce (Queue Full)
pool-2-thread-1 waiting to produce (Queue Full)
pool-2-thread-3 waiting to produce (Queue Full)
pool-2-thread-6 consumed: Msg-22-1
pool-2-thread-5 produced: Msg-22-3
pool-2-thread-3 waiting to produce (Queue Full)
pool-2-thread-1 waiting to produce (Queue Full)
pool-2-thread-4 waiting to produce (Queue Full)
pool-2-thread-5 waiting to produce (Queue Full)
pool-2-thread-2 waiting to produce (Queue Full)
pool-2-thread-6 consumed: Msg-22-2
pool-2-thread-3 produced: Msg-20-2
pool-2-thread-2 waiting to produce (Queue Full)
pool-2-thread-5 waiting to produce (Queue Full)
pool-2-thread-4 waiting to produce (Queue Full)
pool-2-thread-1 waiting to produce (Queue Full)
pool-2-thread-7 consumed: Msg-18-2
pool-2-thread-2 produced: Msg-19-3
pool-2-thread-1 waiting to produce (Queue Full)
pool-2-thread-4 waiting to produce (Queue Full)
pool-2-thread-5 waiting to produce (Queue Full)
pool-2-thread-3 waiting to produce (Queue Full)
pool-2-thread-2 waiting to produce (Queue Full)
pool-2-thread-6 consumed: Msg-21-2
pool-2-thread-1 produced: Msg-18-3
pool-2-thread-2 waiting to produce (Queue Full)
pool-2-thread-3 waiting to produce (Queue Full)
pool-2-thread-5 waiting to produce (Queue Full)
pool-2-thread-4 waiting to produce (Queue Full)
pool-2-thread-6 consumed: Msg-19-2
pool-2-thread-2 produced: Msg-19-4
pool-2-thread-4 waiting to produce (Queue Full)
pool-2-thread-5 waiting to produce (Queue Full)
pool-2-thread-3 waiting to produce (Queue Full)
pool-2-thread-7 consumed: Msg-22-3
pool-2-thread-4 produced: Msg-21-3
pool-2-thread-3 waiting to produce (Queue Full)
pool-2-thread-5 waiting to produce (Queue Full)
pool-2-thread-1 waiting to produce (Queue Full)
pool-2-thread-4 waiting to produce (Queue Full)
pool-2-thread-2 waiting to produce (Queue Full)
pool-2-thread-7 consumed: Msg-20-2
pool-2-thread-3 produced: Msg-20-3
pool-2-thread-2 waiting to produce (Queue Full)
pool-2-thread-4 waiting to produce (Queue Full)
pool-2-thread-1 waiting to produce (Queue Full)
pool-2-thread-5 waiting to produce (Queue Full)
pool-2-thread-6 consumed: Msg-19-3
pool-2-thread-2 produced: Msg-19-5
pool-2-thread-5 waiting to produce (Queue Full)
pool-2-thread-1 waiting to produce (Queue Full)
pool-2-thread-4 waiting to produce (Queue Full)
pool-2-thread-2 waiting to produce (Queue Full)
pool-2-thread-3 waiting to produce (Queue Full)
pool-2-thread-7 consumed: Msg-18-3
pool-2-thread-5 produced: Msg-22-4
pool-2-thread-3 waiting to produce (Queue Full)
pool-2-thread-2 waiting to produce (Queue Full)
pool-2-thread-4 waiting to produce (Queue Full)
pool-2-thread-1 waiting to produce (Queue Full)
pool-2-thread-6 consumed: Msg-19-4
pool-2-thread-3 produced: Msg-20-4
pool-2-thread-1 waiting to produce (Queue Full)
pool-2-thread-4 waiting to produce (Queue Full)
pool-2-thread-2 waiting to produce (Queue Full)
pool-2-thread-5 waiting to produce (Queue Full)
pool-2-thread-6 consumed: Msg-21-3
pool-2-thread-1 produced: Msg-18-4
pool-2-thread-5 waiting to produce (Queue Full)
pool-2-thread-2 waiting to produce (Queue Full)
pool-2-thread-4 waiting to produce (Queue Full)
pool-2-thread-1 waiting to produce (Queue Full)
pool-2-thread-3 waiting to produce (Queue Full)
pool-2-thread-7 consumed: Msg-20-3
pool-2-thread-5 produced: Msg-22-5
pool-2-thread-3 waiting to produce (Queue Full)
pool-2-thread-1 waiting to produce (Queue Full)
pool-2-thread-4 waiting to produce (Queue Full)
pool-2-thread-2 waiting to produce (Queue Full)
pool-2-thread-6 consumed: Msg-19-5
pool-2-thread-3 produced: Msg-20-5
pool-2-thread-2 waiting to produce (Queue Full)
pool-2-thread-4 waiting to produce (Queue Full)
pool-2-thread-1 waiting to produce (Queue Full)
pool-2-thread-7 consumed: Msg-22-4
pool-2-thread-2 produced: Msg-19-6
pool-2-thread-1 waiting to produce (Queue Full)
pool-2-thread-4 waiting to produce (Queue Full)
pool-2-thread-2 waiting to produce (Queue Full)
pool-2-thread-3 waiting to produce (Queue Full)
pool-2-thread-6 consumed: Msg-20-4
pool-2-thread-1 produced: Msg-18-5
pool-2-thread-3 waiting to produce (Queue Full)
pool-2-thread-2 waiting to produce (Queue Full)
pool-2-thread-4 waiting to produce (Queue Full)
pool-2-thread-5 waiting to produce (Queue Full)
pool-2-thread-1 waiting to produce (Queue Full)
pool-2-thread-7 consumed: Msg-18-4
pool-2-thread-3 produced: Msg-20-6
pool-2-thread-1 waiting to produce (Queue Full)
pool-2-thread-5 waiting to produce (Queue Full)
pool-2-thread-4 waiting to produce (Queue Full)
pool-2-thread-2 waiting to produce (Queue Full)
pool-2-thread-6 consumed: Msg-22-5
pool-2-thread-1 produced: Msg-18-6
pool-2-thread-2 waiting to produce (Queue Full)
pool-2-thread-4 waiting to produce (Queue Full)
pool-2-thread-5 waiting to produce (Queue Full)
pool-2-thread-3 waiting to produce (Queue Full)
pool-2-thread-6 consumed: Msg-20-5
pool-2-thread-2 produced: Msg-19-7
pool-2-thread-3 waiting to produce (Queue Full)
pool-2-thread-5 waiting to produce (Queue Full)
pool-2-thread-4 waiting to produce (Queue Full)
pool-2-thread-7 consumed: Msg-19-6
pool-2-thread-3 produced: Msg-20-7
pool-2-thread-1 waiting to produce (Queue Full)
pool-2-thread-4 waiting to produce (Queue Full)
pool-2-thread-5 waiting to produce (Queue Full)
pool-2-thread-2 waiting to produce (Queue Full)
pool-2-thread-6 consumed: Msg-18-5
pool-2-thread-1 produced: Msg-18-7
pool-2-thread-2 waiting to produce (Queue Full)
pool-2-thread-5 waiting to produce (Queue Full)
pool-2-thread-4 waiting to produce (Queue Full)
pool-2-thread-6 consumed: Msg-20-6
pool-2-thread-2 produced: Msg-19-8
pool-2-thread-4 waiting to produce (Queue Full)
pool-2-thread-5 waiting to produce (Queue Full)
pool-2-thread-3 waiting to produce (Queue Full)
pool-2-thread-2 waiting to produce (Queue Full)
pool-2-thread-1 waiting to produce (Queue Full)
pool-2-thread-7 consumed: Msg-18-6
pool-2-thread-4 produced: Msg-21-4
pool-2-thread-1 waiting to produce (Queue Full)
pool-2-thread-2 waiting to produce (Queue Full)
pool-2-thread-3 waiting to produce (Queue Full)
pool-2-thread-5 waiting to produce (Queue Full)
pool-2-thread-6 consumed: Msg-19-7
pool-2-thread-1 produced: Msg-18-8
pool-2-thread-5 waiting to produce (Queue Full)
pool-2-thread-3 waiting to produce (Queue Full)
pool-2-thread-2 waiting to produce (Queue Full)
pool-2-thread-4 waiting to produce (Queue Full)
pool-2-thread-6 consumed: Msg-20-7
pool-2-thread-5 produced: Msg-22-6
pool-2-thread-4 waiting to produce (Queue Full)
pool-2-thread-2 waiting to produce (Queue Full)
pool-2-thread-3 waiting to produce (Queue Full)
pool-2-thread-7 consumed: Msg-18-7
pool-2-thread-4 produced: Msg-21-5
pool-2-thread-3 waiting to produce (Queue Full)
pool-2-thread-2 waiting to produce (Queue Full)
pool-2-thread-5 waiting to produce (Queue Full)
pool-2-thread-4 waiting to produce (Queue Full)
pool-2-thread-6 consumed: Msg-19-8
pool-2-thread-3 produced: Msg-20-8
pool-2-thread-4 waiting to produce (Queue Full)
pool-2-thread-5 waiting to produce (Queue Full)
pool-2-thread-2 waiting to produce (Queue Full)
pool-2-thread-1 waiting to produce (Queue Full)
pool-2-thread-3 waiting to produce (Queue Full)
pool-2-thread-6 consumed: Msg-21-4
pool-2-thread-4 produced: Msg-21-6
pool-2-thread-3 waiting to produce (Queue Full)
pool-2-thread-1 waiting to produce (Queue Full)
pool-2-thread-2 waiting to produce (Queue Full)
pool-2-thread-5 waiting to produce (Queue Full)
pool-2-thread-7 consumed: Msg-18-8
pool-2-thread-3 produced: Msg-20-9
pool-2-thread-5 waiting to produce (Queue Full)
pool-2-thread-2 waiting to produce (Queue Full)
pool-2-thread-1 waiting to produce (Queue Full)
pool-2-thread-7 consumed: Msg-22-6
pool-2-thread-5 produced: Msg-22-7
pool-2-thread-1 waiting to produce (Queue Full)
pool-2-thread-2 waiting to produce (Queue Full)
pool-2-thread-5 waiting to produce (Queue Full)
pool-2-thread-4 waiting to produce (Queue Full)
pool-2-thread-3 waiting to produce (Queue Full)
pool-2-thread-6 consumed: Msg-21-5
pool-2-thread-1 produced: Msg-18-9
pool-2-thread-3 waiting to produce (Queue Full)
pool-2-thread-4 waiting to produce (Queue Full)
pool-2-thread-5 waiting to produce (Queue Full)
pool-2-thread-2 waiting to produce (Queue Full)
pool-2-thread-1 waiting to produce (Queue Full)
pool-2-thread-7 consumed: Msg-20-8
pool-2-thread-3 produced: Msg-20-10
pool-2-thread-1 waiting to produce (Queue Full)
pool-2-thread-2 waiting to produce (Queue Full)
pool-2-thread-5 waiting to produce (Queue Full)
pool-2-thread-4 waiting to produce (Queue Full)
pool-2-thread-6 consumed: Msg-21-6
pool-2-thread-1 produced: Msg-18-10
pool-2-thread-4 waiting to produce (Queue Full)
pool-2-thread-5 waiting to produce (Queue Full)
pool-2-thread-2 waiting to produce (Queue Full)
pool-2-thread-7 consumed: Msg-20-9
pool-2-thread-4 produced: Msg-21-7
pool-2-thread-2 waiting to produce (Queue Full)
pool-2-thread-5 waiting to produce (Queue Full)
pool-2-thread-4 waiting to produce (Queue Full)
pool-2-thread-7 consumed: Msg-22-7
pool-2-thread-2 produced: Msg-19-9
pool-2-thread-4 waiting to produce (Queue Full)
pool-2-thread-5 waiting to produce (Queue Full)
pool-2-thread-6 consumed: Msg-18-9
pool-2-thread-4 produced: Msg-21-8
pool-2-thread-5 waiting to produce (Queue Full)
pool-2-thread-7 consumed: Msg-20-10
pool-2-thread-5 produced: Msg-22-8
pool-2-thread-2 waiting to produce (Queue Full)
pool-2-thread-4 waiting to produce (Queue Full)
pool-2-thread-5 waiting to produce (Queue Full)
pool-2-thread-6 consumed: Msg-18-10
pool-2-thread-2 produced: Msg-19-10
pool-2-thread-5 waiting to produce (Queue Full)
pool-2-thread-4 waiting to produce (Queue Full)
pool-2-thread-7 consumed: Msg-21-7
pool-2-thread-5 produced: Msg-22-9
pool-2-thread-4 waiting to produce (Queue Full)
pool-2-thread-6 consumed: Msg-19-9
pool-2-thread-4 produced: Msg-21-9
pool-2-thread-5 waiting to produce (Queue Full)
pool-2-thread-7 consumed: Msg-21-8
pool-2-thread-5 produced: Msg-22-10
pool-2-thread-4 waiting to produce (Queue Full)
pool-2-thread-6 consumed: Msg-22-8
pool-2-thread-4 produced: Msg-21-10
pool-2-thread-6 consumed: Msg-19-10
pool-2-thread-7 consumed: Msg-22-9
pool-2-thread-7 consumed: Msg-21-9
pool-2-thread-7 consumed: Msg-22-10
pool-2-thread-7 consumed: Msg-21-10
Simulation Completed.

